warning: `VIRTUAL_ENV=/opt/homebrew/opt/python@3.14/Frameworks/Python.framework/Versions/3.14` does not match the project environment path `.venv` and will be ignored; use `--active` to target the active environment instead
============================= test session starts ==============================
platform darwin -- Python 3.13.1, pytest-9.0.1, pluggy-1.6.0 -- /Users/efitz/.cache/uv/builds-v0/.tmpgTAO7W/bin/python3
cachedir: .pytest_cache
rootdir: /Users/efitz/Projects/tmi-clients/python-client-generated
configfile: pyproject.toml
collecting ... collected 364 items

test/test_add_group_member_request.py::TestAddGroupMemberRequest::testAddGroupMemberRequest PASSED [  0%]
test/test_addon_invocation_quota.py::TestAddonInvocationQuota::testAddonInvocationQuota PASSED [  0%]
test/test_addon_quota_update.py::TestAddonQuotaUpdate::testAddonQuotaUpdate PASSED [  0%]
test/test_addon_response.py::TestAddonResponse::testAddonResponse PASSED [  1%]
test/test_addons_api.py::TestAddonsApi::test_create_addon PASSED         [  1%]
test/test_addons_api.py::TestAddonsApi::test_delete_addon PASSED         [  1%]
test/test_addons_api.py::TestAddonsApi::test_get_addon PASSED            [  1%]
test/test_addons_api.py::TestAddonsApi::test_get_invocation PASSED       [  2%]
test/test_addons_api.py::TestAddonsApi::test_invoke_addon PASSED         [  2%]
test/test_addons_api.py::TestAddonsApi::test_list_addons PASSED          [  2%]
test/test_addons_api.py::TestAddonsApi::test_list_invocations PASSED     [  3%]
test/test_addons_api.py::TestAddonsApi::test_update_invocation_status PASSED [  3%]
test/test_admin_group.py::TestAdminGroup::testAdminGroup PASSED          [  3%]
test/test_admin_group_list_response.py::TestAdminGroupListResponse::testAdminGroupListResponse PASSED [  3%]
test/test_admin_user.py::TestAdminUser::testAdminUser PASSED             [  4%]
test/test_admin_user_list_response.py::TestAdminUserListResponse::testAdminUserListResponse PASSED [  4%]
test/test_administration_api.py::TestAdministrationApi::test_add_group_member PASSED [  4%]
test/test_administration_api.py::TestAdministrationApi::test_create_admin_group PASSED [  4%]
test/test_administration_api.py::TestAdministrationApi::test_create_administrator PASSED [  5%]
test/test_administration_api.py::TestAdministrationApi::test_delete_addon_invocation_quota PASSED [  5%]
test/test_administration_api.py::TestAdministrationApi::test_delete_admin_group PASSED [  5%]
test/test_administration_api.py::TestAdministrationApi::test_delete_admin_user PASSED [  6%]
test/test_administration_api.py::TestAdministrationApi::test_delete_administrator PASSED [  6%]
test/test_administration_api.py::TestAdministrationApi::test_delete_system_setting PASSED [  6%]
test/test_administration_api.py::TestAdministrationApi::test_delete_user_api_quota PASSED [  6%]
test/test_administration_api.py::TestAdministrationApi::test_delete_webhook_quota PASSED [  7%]
test/test_administration_api.py::TestAdministrationApi::test_get_addon_invocation_quota PASSED [  7%]
test/test_administration_api.py::TestAdministrationApi::test_get_admin_group PASSED [  7%]
test/test_administration_api.py::TestAdministrationApi::test_get_admin_user PASSED [  7%]
test/test_administration_api.py::TestAdministrationApi::test_get_system_setting PASSED [  8%]
test/test_administration_api.py::TestAdministrationApi::test_get_user_api_quota PASSED [  8%]
test/test_administration_api.py::TestAdministrationApi::test_get_webhook_quota PASSED [  8%]
test/test_administration_api.py::TestAdministrationApi::test_list_addon_invocation_quotas PASSED [  9%]
test/test_administration_api.py::TestAdministrationApi::test_list_admin_groups PASSED [  9%]
test/test_administration_api.py::TestAdministrationApi::test_list_admin_users PASSED [  9%]
test/test_administration_api.py::TestAdministrationApi::test_list_administrators PASSED [  9%]
test/test_administration_api.py::TestAdministrationApi::test_list_group_members PASSED [ 10%]
test/test_administration_api.py::TestAdministrationApi::test_list_system_settings PASSED [ 10%]
test/test_administration_api.py::TestAdministrationApi::test_list_user_api_quotas PASSED [ 10%]
test/test_administration_api.py::TestAdministrationApi::test_list_webhook_quotas PASSED [ 10%]
test/test_administration_api.py::TestAdministrationApi::test_migrate_system_settings PASSED [ 11%]
test/test_administration_api.py::TestAdministrationApi::test_remove_group_member PASSED [ 11%]
test/test_administration_api.py::TestAdministrationApi::test_update_addon_invocation_quota PASSED [ 11%]
test/test_administration_api.py::TestAdministrationApi::test_update_admin_group PASSED [ 12%]
test/test_administration_api.py::TestAdministrationApi::test_update_admin_user PASSED [ 12%]
test/test_administration_api.py::TestAdministrationApi::test_update_system_setting PASSED [ 12%]
test/test_administration_api.py::TestAdministrationApi::test_update_user_api_quota PASSED [ 12%]
test/test_administration_api.py::TestAdministrationApi::test_update_webhook_quota PASSED [ 13%]
test/test_administrator.py::TestAdministrator::testAdministrator PASSED  [ 13%]
test/test_all_of_invocation_response_invoked_by.py::TestAllOfInvocationResponseInvokedBy::testAllOfInvocationResponseInvokedBy PASSED [ 13%]
test/test_all_of_minimal_edge_source.py::TestAllOfMinimalEdgeSource::testAllOfMinimalEdgeSource PASSED [ 14%]
test/test_all_of_minimal_edge_target.py::TestAllOfMinimalEdgeTarget::testAllOfMinimalEdgeTarget PASSED [ 14%]
test/test_all_of_threat_model_base_owner.py::TestAllOfThreatModelBaseOwner::testAllOfThreatModelBaseOwner PASSED [ 14%]
test/test_api_info.py::TestApiInfo::testApiInfo PASSED                   [ 14%]
test/test_api_info_api.py::TestApiInfoApi::testApiInfoApi PASSED         [ 15%]
test/test_api_info_health.py::TestApiInfoHealth::testApiInfoHealth PASSED [ 15%]
test/test_api_info_operator.py::TestApiInfoOperator::testApiInfoOperator PASSED [ 15%]
test/test_api_info_service.py::TestApiInfoService::testApiInfoService PASSED [ 15%]
test/test_api_info_status.py::TestApiInfoStatus::testApiInfoStatus PASSED [ 16%]
test/test_asset.py::TestAsset::testAsset PASSED                          [ 16%]
test/test_asset_base.py::TestAssetBase::testAssetBase PASSED             [ 16%]
test/test_asset_input.py::TestAssetInput::testAssetInput PASSED          [ 17%]
test/test_assets_api.py::TestAssetsApi::test_patch_threat_model_asset PASSED [ 17%]
test/test_auth_token_response.py::TestAuthTokenResponse::testAuthTokenResponse PASSED [ 17%]
test/test_authentication_api.py::TestAuthenticationApi::test_authorize_o_auth_provider PASSED [ 17%]
test/test_authentication_api.py::TestAuthenticationApi::test_create_current_user_client_credential PASSED [ 18%]
test/test_authentication_api.py::TestAuthenticationApi::test_delete_current_user_client_credential PASSED [ 18%]
test/test_authentication_api.py::TestAuthenticationApi::test_exchange_o_auth_code PASSED [ 18%]
test/test_authentication_api.py::TestAuthenticationApi::test_get_auth_providers PASSED [ 18%]
test/test_authentication_api.py::TestAuthenticationApi::test_get_current_user PASSED [ 19%]
test/test_authentication_api.py::TestAuthenticationApi::test_get_current_user_profile PASSED [ 19%]
test/test_authentication_api.py::TestAuthenticationApi::test_get_provider_groups PASSED [ 19%]
test/test_authentication_api.py::TestAuthenticationApi::test_get_saml_metadata PASSED [ 20%]
test/test_authentication_api.py::TestAuthenticationApi::test_get_saml_providers PASSED [ 20%]
test/test_authentication_api.py::TestAuthenticationApi::test_handle_o_auth_callback PASSED [ 20%]
test/test_authentication_api.py::TestAuthenticationApi::test_initiate_saml_login PASSED [ 20%]
test/test_authentication_api.py::TestAuthenticationApi::test_introspect_token PASSED [ 21%]
test/test_authentication_api.py::TestAuthenticationApi::test_list_current_user_client_credentials PASSED [ 21%]
test/test_authentication_api.py::TestAuthenticationApi::test_process_saml_logout PASSED [ 21%]
test/test_authentication_api.py::TestAuthenticationApi::test_process_saml_logout_post PASSED [ 21%]
test/test_authentication_api.py::TestAuthenticationApi::test_process_saml_response PASSED [ 22%]
test/test_authentication_api.py::TestAuthenticationApi::test_refresh_token PASSED [ 22%]
test/test_authentication_api.py::TestAuthenticationApi::test_revoke_token PASSED [ 22%]
test/test_authorization.py::TestAuthorization::testAuthorization PASSED  [ 23%]
test/test_base_diagram.py::TestBaseDiagram::testBaseDiagram PASSED       [ 23%]
test/test_base_diagram_image.py::TestBaseDiagramImage::testBaseDiagramImage PASSED [ 23%]
test/test_base_diagram_input.py::TestBaseDiagramInput::testBaseDiagramInput PASSED [ 23%]
test/test_bulk_patch_request.py::TestBulkPatchRequest::testBulkPatchRequest PASSED [ 24%]
test/test_bulk_patch_request_patches.py::TestBulkPatchRequestPatches::testBulkPatchRequestPatches PASSED [ 24%]
test/test_cell.py::TestCell::testCell PASSED                             [ 24%]
test/test_cell_data.py::TestCellData::testCellData PASSED                [ 25%]
test/test_client_config.py::TestClientConfig::testClientConfig PASSED    [ 25%]
test/test_client_config_features.py::TestClientConfigFeatures::testClientConfigFeatures PASSED [ 25%]
test/test_client_config_limits.py::TestClientConfigLimits::testClientConfigLimits PASSED [ 25%]
test/test_client_config_operator.py::TestClientConfigOperator::testClientConfigOperator PASSED [ 26%]
test/test_client_config_ui.py::TestClientConfigUi::testClientConfigUi PASSED [ 26%]
test/test_client_credential_info.py::TestClientCredentialInfo::testClientCredentialInfo PASSED [ 26%]
test/test_client_credential_response.py::TestClientCredentialResponse::testClientCredentialResponse PASSED [ 26%]
test/test_collaboration_api.py::TestCollaborationApi::test_create_diagram_collaboration_session PASSED [ 27%]
test/test_collaboration_api.py::TestCollaborationApi::test_end_diagram_collaboration_session PASSED [ 27%]
test/test_collaboration_api.py::TestCollaborationApi::test_get_current_user_sessions PASSED [ 27%]
test/test_collaboration_api.py::TestCollaborationApi::test_get_diagram_collaboration_session PASSED [ 28%]
test/test_collaboration_session.py::TestCollaborationSession::testCollaborationSession PASSED [ 28%]
test/test_component_health.py::TestComponentHealth::testComponentHealth PASSED [ 28%]
test/test_configuration_api.py::TestConfigurationApi::test_get_client_config PASSED [ 28%]
test/test_create_addon_request.py::TestCreateAddonRequest::testCreateAddonRequest PASSED [ 29%]
test/test_create_admin_group_request.py::TestCreateAdminGroupRequest::testCreateAdminGroupRequest PASSED [ 29%]
test/test_create_administrator_request.py::TestCreateAdministratorRequest::testCreateAdministratorRequest PASSED [ 29%]
test/test_create_diagram_request.py::TestCreateDiagramRequest::testCreateDiagramRequest PASSED [ 29%]
test/test_cvss_score.py::TestCVSSScore::testCVSSScore PASSED             [ 30%]
test/test_deletion_challenge.py::TestDeletionChallenge::testDeletionChallenge PASSED [ 30%]
test/test_dfd_diagram.py::TestDfdDiagram::testDfdDiagram PASSED          [ 30%]
test/test_dfd_diagram_input.py::TestDfdDiagramInput::testDfdDiagramInput PASSED [ 31%]
test/test_diagram.py::TestDiagram::testDiagram PASSED                    [ 31%]
test/test_diagram_list_item.py::TestDiagramListItem::testDiagramListItem PASSED [ 31%]
test/test_document.py::TestDocument::testDocument PASSED                 [ 31%]
test/test_document_base.py::TestDocumentBase::testDocumentBase PASSED    [ 32%]
test/test_document_input.py::TestDocumentInput::testDocumentInput PASSED [ 32%]
test/test_documents_api.py::TestDocumentsApi::test_patch_threat_model_document PASSED [ 32%]
test/test_edge.py::TestEdge::testEdge PASSED                             [ 32%]
test/test_edge_attrs.py::TestEdgeAttrs::testEdgeAttrs PASSED             [ 33%]
test/test_edge_attrs_line.py::TestEdgeAttrsLine::testEdgeAttrsLine PASSED [ 33%]
test/test_edge_attrs_line_source_marker.py::TestEdgeAttrsLineSourceMarker::testEdgeAttrsLineSourceMarker PASSED [ 33%]
test/test_edge_attrs_line_target_marker.py::TestEdgeAttrsLineTargetMarker::testEdgeAttrsLineTargetMarker PASSED [ 34%]
test/test_edge_connector.py::TestEdgeConnector::testEdgeConnector PASSED [ 34%]
test/test_edge_connector_args.py::TestEdgeConnectorArgs::testEdgeConnectorArgs PASSED [ 34%]
test/test_edge_label.py::TestEdgeLabel::testEdgeLabel PASSED             [ 34%]
test/test_edge_label_attrs.py::TestEdgeLabelAttrs::testEdgeLabelAttrs PASSED [ 35%]
test/test_edge_label_attrs_text.py::TestEdgeLabelAttrsText::testEdgeLabelAttrsText PASSED [ 35%]
test/test_edge_router.py::TestEdgeRouter::testEdgeRouter PASSED          [ 35%]
test/test_edge_router_args.py::TestEdgeRouterArgs::testEdgeRouterArgs PASSED [ 35%]
test/test_edge_terminal.py::TestEdgeTerminal::testEdgeTerminal PASSED    [ 36%]
test/test_error.py::TestError::testError PASSED                          [ 36%]
test/test_error_details.py::TestErrorDetails::testErrorDetails PASSED    [ 36%]
test/test_extended_asset.py::TestExtendedAsset::testExtendedAsset PASSED [ 37%]
test/test_general_api.py::TestGeneralApi::test_get_api_info PASSED       [ 37%]
test/test_group_member.py::TestGroupMember::testGroupMember PASSED       [ 37%]
test/test_group_member_list_response.py::TestGroupMemberListResponse::testGroupMemberListResponse PASSED [ 37%]
test/test_inline_response200.py::TestInlineResponse200::testInlineResponse200 PASSED [ 38%]
test/test_inline_response2001.py::TestInlineResponse2001::testInlineResponse2001 PASSED [ 38%]
test/test_inline_response20010.py::TestInlineResponse20010::testInlineResponse20010 PASSED [ 38%]
test/test_inline_response2002.py::TestInlineResponse2002::testInlineResponse2002 PASSED [ 39%]
test/test_inline_response2002_keys.py::TestInlineResponse2002Keys::testInlineResponse2002Keys PASSED [ 39%]
test/test_inline_response2003.py::TestInlineResponse2003::testInlineResponse2003 PASSED [ 39%]
test/test_inline_response2004.py::TestInlineResponse2004::testInlineResponse2004 PASSED [ 39%]
test/test_inline_response2004_providers.py::TestInlineResponse2004Providers::testInlineResponse2004Providers PASSED [ 40%]
test/test_inline_response2005.py::TestInlineResponse2005::testInlineResponse2005 PASSED [ 40%]
test/test_inline_response2005_groups.py::TestInlineResponse2005Groups::testInlineResponse2005Groups PASSED [ 40%]
test/test_inline_response2006.py::TestInlineResponse2006::testInlineResponse2006 PASSED [ 40%]
test/test_inline_response2007.py::TestInlineResponse2007::testInlineResponse2007 PASSED [ 41%]
test/test_inline_response2008.py::TestInlineResponse2008::testInlineResponse2008 PASSED [ 41%]
test/test_inline_response2009.py::TestInlineResponse2009::testInlineResponse2009 PASSED [ 41%]
test/test_inline_response409.py::TestInlineResponse409::testInlineResponse409 PASSED [ 42%]
test/test_inline_response429.py::TestInlineResponse429::testInlineResponse429 PASSED [ 42%]
test/test_inline_response500.py::TestInlineResponse500::testInlineResponse500 PASSED [ 42%]
test/test_invocation_response.py::TestInvocationResponse::testInvocationResponse PASSED [ 42%]
test/test_invoke_addon_request.py::TestInvokeAddonRequest::testInvokeAddonRequest PASSED [ 43%]
test/test_invoke_addon_response.py::TestInvokeAddonResponse::testInvokeAddonResponse PASSED [ 43%]
test/test_json_patch_document.py::TestJsonPatchDocument::testJsonPatchDocument PASSED [ 43%]
test/test_json_patch_document_inner.py::TestJsonPatchDocumentInner::testJsonPatchDocumentInner PASSED [ 43%]
test/test_list_addon_quotas_response.py::TestListAddonQuotasResponse::testListAddonQuotasResponse PASSED [ 44%]
test/test_list_addons_response.py::TestListAddonsResponse::testListAddonsResponse PASSED [ 44%]
test/test_list_administrators_response.py::TestListAdministratorsResponse::testListAdministratorsResponse PASSED [ 44%]
test/test_list_assets_response.py::TestListAssetsResponse::testListAssetsResponse PASSED [ 45%]
test/test_list_client_credentials_response.py::TestListClientCredentialsResponse::testListClientCredentialsResponse PASSED [ 45%]
test/test_list_diagrams_response.py::TestListDiagramsResponse::testListDiagramsResponse PASSED [ 45%]
test/test_list_documents_response.py::TestListDocumentsResponse::testListDocumentsResponse PASSED [ 45%]
test/test_list_invocations_response.py::TestListInvocationsResponse::testListInvocationsResponse PASSED [ 46%]
test/test_list_notes_response.py::TestListNotesResponse::testListNotesResponse PASSED [ 46%]
test/test_list_repositories_response.py::TestListRepositoriesResponse::testListRepositoriesResponse PASSED [ 46%]
test/test_list_threat_models_response.py::TestListThreatModelsResponse::testListThreatModelsResponse PASSED [ 46%]
test/test_list_threats_response.py::TestListThreatsResponse::testListThreatsResponse PASSED [ 47%]
test/test_list_user_quotas_response.py::TestListUserQuotasResponse::testListUserQuotasResponse PASSED [ 47%]
test/test_list_webhook_deliveries_response.py::TestListWebhookDeliveriesResponse::testListWebhookDeliveriesResponse PASSED [ 47%]
test/test_list_webhook_quotas_response.py::TestListWebhookQuotasResponse::testListWebhookQuotasResponse PASSED [ 48%]
test/test_list_webhook_subscriptions_response.py::TestListWebhookSubscriptionsResponse::testListWebhookSubscriptionsResponse PASSED [ 48%]
test/test_me_client_credentials_body.py::TestMeClientCredentialsBody::testMeClientCredentialsBody PASSED [ 48%]
test/test_metadata.py::TestMetadata::testMetadata PASSED                 [ 48%]
test/test_metadata_key_body.py::TestMetadataKeyBody::testMetadataKeyBody PASSED [ 49%]
test/test_metadata_key_body1.py::TestMetadataKeyBody1::testMetadataKeyBody1 PASSED [ 49%]
test/test_metadata_key_body2.py::TestMetadataKeyBody2::testMetadataKeyBody2 PASSED [ 49%]
test/test_metadata_key_body3.py::TestMetadataKeyBody3::testMetadataKeyBody3 PASSED [ 50%]
test/test_metadata_key_body4.py::TestMetadataKeyBody4::testMetadataKeyBody4 PASSED [ 50%]
test/test_metadata_key_body5.py::TestMetadataKeyBody5::testMetadataKeyBody5 PASSED [ 50%]
test/test_minimal_cell.py::TestMinimalCell::testMinimalCell PASSED       [ 50%]
test/test_minimal_diagram_model.py::TestMinimalDiagramModel::testMinimalDiagramModel PASSED [ 51%]
test/test_minimal_edge.py::TestMinimalEdge::testMinimalEdge PASSED       [ 51%]
test/test_minimal_node.py::TestMinimalNode::testMinimalNode PASSED       [ 51%]
test/test_node.py::TestNode::testNode PASSED                             [ 51%]
test/test_node_attrs.py::TestNodeAttrs::testNodeAttrs PASSED             [ 52%]
test/test_node_attrs_body.py::TestNodeAttrsBody::testNodeAttrsBody PASSED [ 52%]
test/test_node_attrs_text.py::TestNodeAttrsText::testNodeAttrsText PASSED [ 52%]
test/test_node_position.py::TestNodePosition::testNodePosition PASSED    [ 53%]
test/test_node_size.py::TestNodeSize::testNodeSize PASSED                [ 53%]
test/test_note.py::TestNote::testNote PASSED                             [ 53%]
test/test_note_base.py::TestNoteBase::testNoteBase PASSED                [ 53%]
test/test_note_input.py::TestNoteInput::testNoteInput PASSED             [ 54%]
test/test_note_list_item.py::TestNoteListItem::testNoteListItem PASSED   [ 54%]
test/test_notes_api.py::TestNotesApi::test_patch_threat_model_note PASSED [ 54%]
test/test_o_auth_discovery_api.py::TestOAuthDiscoveryApi::test_get_o_auth_protected_resource_metadata PASSED [ 54%]
test/test_o_auth_protected_resource_metadata.py::TestOAuthProtectedResourceMetadata::testOAuthProtectedResourceMetadata PASSED [ 55%]
test/test_oauth2_token_body.py::TestOauth2TokenBody::testOauth2TokenBody PASSED [ 55%]
test/test_oidc_discovery_api.py::TestOIDCDiscoveryApi::test_get_jwks PASSED [ 55%]
test/test_oidc_discovery_api.py::TestOIDCDiscoveryApi::test_get_o_auth_authorization_server_metadata PASSED [ 56%]
test/test_oidc_discovery_api.py::TestOIDCDiscoveryApi::test_get_open_id_configuration PASSED [ 56%]
test/test_one_of_create_administrator_request.py::TestOneOfCreateAdministratorRequest::testOneOfCreateAdministratorRequest PASSED [ 56%]
test/test_one_of_edge_label_position.py::TestOneOfEdgeLabelPosition::testOneOfEdgeLabelPosition PASSED [ 56%]
test/test_one_of_json_patch_document_inner_value.py::TestOneOfJsonPatchDocumentInnerValue::testOneOfJsonPatchDocumentInnerValue PASSED [ 57%]
test/test_participant.py::TestParticipant::testParticipant PASSED        [ 57%]
test/test_point.py::TestPoint::testPoint PASSED                          [ 57%]
test/test_port_configuration.py::TestPortConfiguration::testPortConfiguration PASSED [ 57%]
test/test_port_configuration_groups.py::TestPortConfigurationGroups::testPortConfigurationGroups PASSED [ 58%]
test/test_port_configuration_items.py::TestPortConfigurationItems::testPortConfigurationItems PASSED [ 58%]
test/test_principal.py::TestPrincipal::testPrincipal PASSED              [ 58%]
test/test_repositories_api.py::TestRepositoriesApi::test_patch_threat_model_repository PASSED [ 59%]
test/test_repository.py::TestRepository::testRepository PASSED           [ 59%]
test/test_repository_base.py::TestRepositoryBase::testRepositoryBase PASSED [ 59%]
test/test_repository_base_parameters.py::TestRepositoryBaseParameters::testRepositoryBaseParameters PASSED [ 59%]
test/test_repository_input.py::TestRepositoryInput::testRepositoryInput PASSED [ 60%]
test/test_saml_api.py::TestSAMLApi::test_list_saml_users PASSED          [ 60%]
test/test_saml_assertion_consumer_request.py::TestSamlAssertionConsumerRequest::testSamlAssertionConsumerRequest PASSED [ 60%]
test/test_saml_provider_info.py::TestSAMLProviderInfo::testSAMLProviderInfo PASSED [ 60%]
test/test_saml_single_logout_request.py::TestSamlSingleLogoutRequest::testSamlSingleLogoutRequest PASSED [ 61%]
test/test_system_setting.py::TestSystemSetting::testSystemSetting PASSED [ 61%]
test/test_system_setting_update.py::TestSystemSettingUpdate::testSystemSettingUpdate PASSED [ 61%]
test/test_threat.py::TestThreat::testThreat PASSED                       [ 62%]
test/test_threat_base.py::TestThreatBase::testThreatBase PASSED          [ 62%]
test/test_threat_bulk_update_item.py::TestThreatBulkUpdateItem::testThreatBulkUpdateItem PASSED [ 62%]
test/test_threat_input.py::TestThreatInput::testThreatInput PASSED       [ 62%]
test/test_threat_model.py::TestThreatModel::testThreatModel PASSED       [ 63%]
test/test_threat_model_base.py::TestThreatModelBase::testThreatModelBase PASSED [ 63%]
test/test_threat_model_input.py::TestThreatModelInput::testThreatModelInput PASSED [ 63%]
test/test_threat_model_sub_resources_api.py::TestThreatModelSubResourcesApi::test_bulk_create_diagram_metadata PASSED [ 64%]
test/test_threat_model_sub_resources_api.py::TestThreatModelSubResourcesApi::test_bulk_create_document_metadata PASSED [ 64%]
test/test_threat_model_sub_resources_api.py::TestThreatModelSubResourcesApi::test_bulk_create_note_metadata PASSED [ 64%]
test/test_threat_model_sub_resources_api.py::TestThreatModelSubResourcesApi::test_bulk_create_repository_metadata PASSED [ 64%]
test/test_threat_model_sub_resources_api.py::TestThreatModelSubResourcesApi::test_bulk_create_threat_metadata PASSED [ 65%]
test/test_threat_model_sub_resources_api.py::TestThreatModelSubResourcesApi::test_bulk_create_threat_model_asset_metadata PASSED [ 65%]
test/test_threat_model_sub_resources_api.py::TestThreatModelSubResourcesApi::test_bulk_create_threat_model_assets PASSED [ 65%]
test/test_threat_model_sub_resources_api.py::TestThreatModelSubResourcesApi::test_bulk_create_threat_model_documents PASSED [ 65%]
test/test_threat_model_sub_resources_api.py::TestThreatModelSubResourcesApi::test_bulk_create_threat_model_metadata PASSED [ 66%]
test/test_threat_model_sub_resources_api.py::TestThreatModelSubResourcesApi::test_bulk_create_threat_model_repositories PASSED [ 66%]
test/test_threat_model_sub_resources_api.py::TestThreatModelSubResourcesApi::test_bulk_create_threat_model_threats PASSED [ 66%]
test/test_threat_model_sub_resources_api.py::TestThreatModelSubResourcesApi::test_bulk_update_note_metadata PASSED [ 67%]
test/test_threat_model_sub_resources_api.py::TestThreatModelSubResourcesApi::test_bulk_update_threat_model_threats PASSED [ 67%]
test/test_threat_model_sub_resources_api.py::TestThreatModelSubResourcesApi::test_bulk_upsert_diagram_metadata PASSED [ 67%]
test/test_threat_model_sub_resources_api.py::TestThreatModelSubResourcesApi::test_bulk_upsert_document_metadata PASSED [ 67%]
test/test_threat_model_sub_resources_api.py::TestThreatModelSubResourcesApi::test_bulk_upsert_repository_metadata PASSED [ 68%]
test/test_threat_model_sub_resources_api.py::TestThreatModelSubResourcesApi::test_bulk_upsert_threat_metadata PASSED [ 68%]
test/test_threat_model_sub_resources_api.py::TestThreatModelSubResourcesApi::test_bulk_upsert_threat_model_asset_metadata PASSED [ 68%]
test/test_threat_model_sub_resources_api.py::TestThreatModelSubResourcesApi::test_bulk_upsert_threat_model_assets PASSED [ 68%]
test/test_threat_model_sub_resources_api.py::TestThreatModelSubResourcesApi::test_bulk_upsert_threat_model_documents PASSED [ 69%]
test/test_threat_model_sub_resources_api.py::TestThreatModelSubResourcesApi::test_bulk_upsert_threat_model_metadata PASSED [ 69%]
test/test_threat_model_sub_resources_api.py::TestThreatModelSubResourcesApi::test_bulk_upsert_threat_model_repositories PASSED [ 69%]
test/test_threat_model_sub_resources_api.py::TestThreatModelSubResourcesApi::test_create_diagram_metadata PASSED [ 70%]
test/test_threat_model_sub_resources_api.py::TestThreatModelSubResourcesApi::test_create_document_metadata PASSED [ 70%]
test/test_threat_model_sub_resources_api.py::TestThreatModelSubResourcesApi::test_create_note_metadata PASSED [ 70%]
test/test_threat_model_sub_resources_api.py::TestThreatModelSubResourcesApi::test_create_repository_metadata PASSED [ 70%]
test/test_threat_model_sub_resources_api.py::TestThreatModelSubResourcesApi::test_create_threat_metadata PASSED [ 71%]
test/test_threat_model_sub_resources_api.py::TestThreatModelSubResourcesApi::test_create_threat_model_asset PASSED [ 71%]
test/test_threat_model_sub_resources_api.py::TestThreatModelSubResourcesApi::test_create_threat_model_asset_metadata PASSED [ 71%]
test/test_threat_model_sub_resources_api.py::TestThreatModelSubResourcesApi::test_create_threat_model_diagram PASSED [ 71%]
test/test_threat_model_sub_resources_api.py::TestThreatModelSubResourcesApi::test_create_threat_model_document PASSED [ 72%]
test/test_threat_model_sub_resources_api.py::TestThreatModelSubResourcesApi::test_create_threat_model_metadata PASSED [ 72%]
test/test_threat_model_sub_resources_api.py::TestThreatModelSubResourcesApi::test_create_threat_model_note PASSED [ 72%]
test/test_threat_model_sub_resources_api.py::TestThreatModelSubResourcesApi::test_create_threat_model_repository PASSED [ 73%]
test/test_threat_model_sub_resources_api.py::TestThreatModelSubResourcesApi::test_create_threat_model_threat PASSED [ 73%]
test/test_threat_model_sub_resources_api.py::TestThreatModelSubResourcesApi::test_delete_diagram_metadata_by_key PASSED [ 73%]
test/test_threat_model_sub_resources_api.py::TestThreatModelSubResourcesApi::test_delete_document_metadata_by_key PASSED [ 73%]
test/test_threat_model_sub_resources_api.py::TestThreatModelSubResourcesApi::test_delete_note_metadata_by_key PASSED [ 74%]
test/test_threat_model_sub_resources_api.py::TestThreatModelSubResourcesApi::test_delete_repository_metadata_by_key PASSED [ 74%]
test/test_threat_model_sub_resources_api.py::TestThreatModelSubResourcesApi::test_delete_threat_metadata_by_key PASSED [ 74%]
test/test_threat_model_sub_resources_api.py::TestThreatModelSubResourcesApi::test_delete_threat_model_asset PASSED [ 75%]
test/test_threat_model_sub_resources_api.py::TestThreatModelSubResourcesApi::test_delete_threat_model_asset_metadata PASSED [ 75%]
test/test_threat_model_sub_resources_api.py::TestThreatModelSubResourcesApi::test_delete_threat_model_diagram PASSED [ 75%]
test/test_threat_model_sub_resources_api.py::TestThreatModelSubResourcesApi::test_delete_threat_model_document PASSED [ 75%]
test/test_threat_model_sub_resources_api.py::TestThreatModelSubResourcesApi::test_delete_threat_model_metadata_by_key PASSED [ 76%]
test/test_threat_model_sub_resources_api.py::TestThreatModelSubResourcesApi::test_delete_threat_model_note PASSED [ 76%]
test/test_threat_model_sub_resources_api.py::TestThreatModelSubResourcesApi::test_delete_threat_model_repository PASSED [ 76%]
test/test_threat_model_sub_resources_api.py::TestThreatModelSubResourcesApi::test_delete_threat_model_threat PASSED [ 76%]
test/test_threat_model_sub_resources_api.py::TestThreatModelSubResourcesApi::test_get_diagram_metadata PASSED [ 77%]
test/test_threat_model_sub_resources_api.py::TestThreatModelSubResourcesApi::test_get_diagram_metadata_by_key PASSED [ 77%]
test/test_threat_model_sub_resources_api.py::TestThreatModelSubResourcesApi::test_get_diagram_model PASSED [ 77%]
test/test_threat_model_sub_resources_api.py::TestThreatModelSubResourcesApi::test_get_document_metadata PASSED [ 78%]
test/test_threat_model_sub_resources_api.py::TestThreatModelSubResourcesApi::test_get_document_metadata_by_key PASSED [ 78%]
test/test_threat_model_sub_resources_api.py::TestThreatModelSubResourcesApi::test_get_note_metadata PASSED [ 78%]
test/test_threat_model_sub_resources_api.py::TestThreatModelSubResourcesApi::test_get_note_metadata_by_key PASSED [ 78%]
test/test_threat_model_sub_resources_api.py::TestThreatModelSubResourcesApi::test_get_repository_metadata PASSED [ 79%]
test/test_threat_model_sub_resources_api.py::TestThreatModelSubResourcesApi::test_get_repository_metadata_by_key PASSED [ 79%]
test/test_threat_model_sub_resources_api.py::TestThreatModelSubResourcesApi::test_get_threat_metadata PASSED [ 79%]
test/test_threat_model_sub_resources_api.py::TestThreatModelSubResourcesApi::test_get_threat_metadata_by_key PASSED [ 79%]
test/test_threat_model_sub_resources_api.py::TestThreatModelSubResourcesApi::test_get_threat_model_asset PASSED [ 80%]
test/test_threat_model_sub_resources_api.py::TestThreatModelSubResourcesApi::test_get_threat_model_asset_metadata PASSED [ 80%]
test/test_threat_model_sub_resources_api.py::TestThreatModelSubResourcesApi::test_get_threat_model_asset_metadata_by_key PASSED [ 80%]
test/test_threat_model_sub_resources_api.py::TestThreatModelSubResourcesApi::test_get_threat_model_assets PASSED [ 81%]
test/test_threat_model_sub_resources_api.py::TestThreatModelSubResourcesApi::test_get_threat_model_diagram PASSED [ 81%]
test/test_threat_model_sub_resources_api.py::TestThreatModelSubResourcesApi::test_get_threat_model_diagrams PASSED [ 81%]
test/test_threat_model_sub_resources_api.py::TestThreatModelSubResourcesApi::test_get_threat_model_document PASSED [ 81%]
test/test_threat_model_sub_resources_api.py::TestThreatModelSubResourcesApi::test_get_threat_model_documents PASSED [ 82%]
test/test_threat_model_sub_resources_api.py::TestThreatModelSubResourcesApi::test_get_threat_model_metadata PASSED [ 82%]
test/test_threat_model_sub_resources_api.py::TestThreatModelSubResourcesApi::test_get_threat_model_metadata_by_key PASSED [ 82%]
test/test_threat_model_sub_resources_api.py::TestThreatModelSubResourcesApi::test_get_threat_model_note PASSED [ 82%]
test/test_threat_model_sub_resources_api.py::TestThreatModelSubResourcesApi::test_get_threat_model_notes PASSED [ 83%]
test/test_threat_model_sub_resources_api.py::TestThreatModelSubResourcesApi::test_get_threat_model_repositories PASSED [ 83%]
test/test_threat_model_sub_resources_api.py::TestThreatModelSubResourcesApi::test_get_threat_model_repository PASSED [ 83%]
test/test_threat_model_sub_resources_api.py::TestThreatModelSubResourcesApi::test_get_threat_model_threat PASSED [ 84%]
test/test_threat_model_sub_resources_api.py::TestThreatModelSubResourcesApi::test_get_threat_model_threats PASSED [ 84%]
test/test_threat_model_sub_resources_api.py::TestThreatModelSubResourcesApi::test_patch_threat_model_diagram PASSED [ 84%]
test/test_threat_model_sub_resources_api.py::TestThreatModelSubResourcesApi::test_patch_threat_model_threat PASSED [ 84%]
test/test_threat_model_sub_resources_api.py::TestThreatModelSubResourcesApi::test_update_diagram_metadata_by_key PASSED [ 85%]
test/test_threat_model_sub_resources_api.py::TestThreatModelSubResourcesApi::test_update_document_metadata_by_key PASSED [ 85%]
test/test_threat_model_sub_resources_api.py::TestThreatModelSubResourcesApi::test_update_note_metadata_by_key PASSED [ 85%]
test/test_threat_model_sub_resources_api.py::TestThreatModelSubResourcesApi::test_update_repository_metadata_by_key PASSED [ 85%]
test/test_threat_model_sub_resources_api.py::TestThreatModelSubResourcesApi::test_update_threat_metadata_by_key PASSED [ 86%]
test/test_threat_model_sub_resources_api.py::TestThreatModelSubResourcesApi::test_update_threat_model_asset PASSED [ 86%]
test/test_threat_model_sub_resources_api.py::TestThreatModelSubResourcesApi::test_update_threat_model_asset_metadata PASSED [ 86%]
test/test_threat_model_sub_resources_api.py::TestThreatModelSubResourcesApi::test_update_threat_model_diagram PASSED [ 87%]
test/test_threat_model_sub_resources_api.py::TestThreatModelSubResourcesApi::test_update_threat_model_document PASSED [ 87%]
test/test_threat_model_sub_resources_api.py::TestThreatModelSubResourcesApi::test_update_threat_model_metadata_by_key PASSED [ 87%]
test/test_threat_model_sub_resources_api.py::TestThreatModelSubResourcesApi::test_update_threat_model_note PASSED [ 87%]
test/test_threat_model_sub_resources_api.py::TestThreatModelSubResourcesApi::test_update_threat_model_repository PASSED [ 88%]
test/test_threat_model_sub_resources_api.py::TestThreatModelSubResourcesApi::test_update_threat_model_threat PASSED [ 88%]
test/test_threat_models_api.py::TestThreatModelsApi::test_create_threat_model PASSED [ 88%]
test/test_threat_models_api.py::TestThreatModelsApi::test_delete_threat_model PASSED [ 89%]
test/test_threat_models_api.py::TestThreatModelsApi::test_get_threat_model PASSED [ 89%]
test/test_threat_models_api.py::TestThreatModelsApi::test_list_threat_models PASSED [ 89%]
test/test_threat_models_api.py::TestThreatModelsApi::test_patch_threat_model PASSED [ 89%]
test/test_threat_models_api.py::TestThreatModelsApi::test_update_threat_model PASSED [ 90%]
test/test_threats_api.py::TestThreatsApi::test_bulk_delete_threat_model_threats PASSED [ 90%]
test/test_threats_api.py::TestThreatsApi::test_bulk_patch_threat_model_threats PASSED [ 90%]
test/test_tm_list_item.py::TestTMListItem::testTMListItem PASSED         [ 90%]
test/test_token_introspection_request.py::TestTokenIntrospectionRequest::testTokenIntrospectionRequest PASSED [ 91%]
test/test_token_refresh_request.py::TestTokenRefreshRequest::testTokenRefreshRequest PASSED [ 91%]
test/test_token_request.py::TestTokenRequest::testTokenRequest PASSED    [ 91%]
test/test_token_revocation_request.py::TestTokenRevocationRequest::testTokenRevocationRequest PASSED [ 92%]
test/test_update_admin_group_request.py::TestUpdateAdminGroupRequest::testUpdateAdminGroupRequest PASSED [ 92%]
test/test_update_admin_user_request.py::TestUpdateAdminUserRequest::testUpdateAdminUserRequest PASSED [ 92%]
test/test_update_invocation_status_request.py::TestUpdateInvocationStatusRequest::testUpdateInvocationStatusRequest PASSED [ 92%]
test/test_update_invocation_status_response.py::TestUpdateInvocationStatusResponse::testUpdateInvocationStatusResponse PASSED [ 93%]
test/test_user.py::TestUser::testUser PASSED                             [ 93%]
test/test_user_account_api.py::TestUserAccountApi::test_create_current_user_preferences PASSED [ 93%]
test/test_user_account_api.py::TestUserAccountApi::test_get_current_user_preferences PASSED [ 93%]
test/test_user_account_api.py::TestUserAccountApi::test_update_current_user_preferences PASSED [ 94%]
test/test_user_api_quota.py::TestUserAPIQuota::testUserAPIQuota PASSED   [ 94%]
test/test_user_preferences.py::TestUserPreferences::testUserPreferences PASSED [ 94%]
test/test_user_quota_update.py::TestUserQuotaUpdate::testUserQuotaUpdate PASSED [ 95%]
test/test_user_with_admin_status.py::TestUserWithAdminStatus::testUserWithAdminStatus PASSED [ 95%]
test/test_users_api.py::TestUsersApi::test_delete_user_account PASSED    [ 95%]
test/test_users_api.py::TestUsersApi::test_logout_current_user PASSED    [ 95%]
test/test_webhook_delivery.py::TestWebhookDelivery::testWebhookDelivery PASSED [ 96%]
test/test_webhook_event_type.py::TestWebhookEventType::testWebhookEventType PASSED [ 96%]
test/test_webhook_quota.py::TestWebhookQuota::testWebhookQuota PASSED    [ 96%]
test/test_webhook_quota_update.py::TestWebhookQuotaUpdate::testWebhookQuotaUpdate PASSED [ 96%]
test/test_webhook_subscription.py::TestWebhookSubscription::testWebhookSubscription PASSED [ 97%]
test/test_webhook_subscription_input.py::TestWebhookSubscriptionInput::testWebhookSubscriptionInput PASSED [ 97%]
test/test_webhook_test_request.py::TestWebhookTestRequest::testWebhookTestRequest PASSED [ 97%]
test/test_webhook_test_response.py::TestWebhookTestResponse::testWebhookTestResponse PASSED [ 98%]
test/test_webhooks_api.py::TestWebhooksApi::test_create_webhook_subscription PASSED [ 98%]
test/test_webhooks_api.py::TestWebhooksApi::test_delete_webhook_subscription PASSED [ 98%]
test/test_webhooks_api.py::TestWebhooksApi::test_get_webhook_delivery PASSED [ 98%]
test/test_webhooks_api.py::TestWebhooksApi::test_get_webhook_subscription PASSED [ 99%]
test/test_webhooks_api.py::TestWebhooksApi::test_list_webhook_deliveries PASSED [ 99%]
test/test_webhooks_api.py::TestWebhooksApi::test_list_webhook_subscriptions PASSED [ 99%]
test/test_webhooks_api.py::TestWebhooksApi::test_test_webhook_subscription PASSED [100%]

============================= 364 passed in 0.55s ==============================
